<?xml version="1.0" encoding="UTF-8"?>
<!-- Generated by org.testng.reporters.JUnitReportReporter -->
<testsuite skipped="0" hostname="DESKTOP-VSJJ039" name="com.TrinityTwo.suite.loginAndSignup.TrinityTwoSignupDummy" tests="1" failures="0" timestamp="2021-02-10T11:07:24 IST" time="88.441" errors="0">
  <testcase name="trinityTwo_Signup" time="88.441" classname="com.TrinityTwo.suite.loginAndSignup.TrinityTwoSignupDummy"/>
  <system-out/>
</testsuite> <!-- com.TrinityTwo.suite.loginAndSignup.TrinityTwoSignupDummy -->
