<?xml version="1.0" encoding="UTF-8"?>
<!-- Generated by org.testng.reporters.JUnitReportReporter -->
<testsuite skipped="0" hostname="DESKTOP-VSJJ039" name="com.TrinityTwo.suite.loginAndSignup.TrinityTwoSignupPageHeader" tests="1" failures="0" timestamp="2021-01-24T16:21:26 IST" time="41.395" errors="0">
  <testcase name="trinityTwo_Signup_Page_Header" time="41.395" classname="com.TrinityTwo.suite.loginAndSignup.TrinityTwoSignupPageHeader"/>
  <system-out/>
</testsuite> <!-- com.TrinityTwo.suite.loginAndSignup.TrinityTwoSignupPageHeader -->
