<?xml version="1.0" encoding="UTF-8"?>
<!-- Generated by org.testng.reporters.JUnitReportReporter -->
<testsuite skipped="0" hostname="DESKTOP-VSJJ039" name="com.TrinityTwo.suite.loginAndSignup.TrinityTwoLogin" tests="1" failures="0" timestamp="2021-01-11T19:05:41 IST" time="82.359" errors="0">
  <testcase name="signupValidateEmailNegative" time="82.359" classname="com.TrinityTwo.suite.loginAndSignup.TrinityTwoLogin"/>
  <system-out/>
</testsuite> <!-- com.TrinityTwo.suite.loginAndSignup.TrinityTwoLogin -->
