<?xml version="1.0" encoding="UTF-8"?>
<!-- Generated by org.testng.reporters.JUnitReportReporter -->
<testsuite skipped="0" hostname="DESKTOP-VSJJ039" name="SampleTest" tests="1" failures="0" timestamp="2020-11-15T20:32:14 IST" time="0.024" errors="0">
  <testcase name="abc" time="0.024" classname="SampleTest"/>
  <system-out/>
</testsuite> <!-- SampleTest -->
