<?xml version="1.0" encoding="UTF-8"?>
<!-- Generated by org.testng.reporters.JUnitReportReporter -->
<testsuite skipped="0" hostname="DESKTOP-VSJJ039" name="com.TrinityTwo.suite.loginAndSignup.TrinityTwoSelfVerificationValidation" tests="1" failures="0" timestamp="2021-02-19T09:12:45 IST" time="104.188" errors="0">
  <testcase name="trinityTwo_SelfVerification_Validation" time="104.188" classname="com.TrinityTwo.suite.loginAndSignup.TrinityTwoSelfVerificationValidation"/>
  <system-out/>
</testsuite> <!-- com.TrinityTwo.suite.loginAndSignup.TrinityTwoSelfVerificationValidation -->
