<?xml version="1.0" encoding="UTF-8"?>
<!-- Generated by org.testng.reporters.JUnitReportReporter -->
<testsuite skipped="0" hostname="DESKTOP-VSJJ039" name="com.TrinityTwo.suite.testcases.login.TrinitySignup" tests="1" failures="0" timestamp="2021-01-09T16:04:21 IST" time="36.754" errors="0">
  <testcase name="loginTest" time="36.754" classname="com.TrinityTwo.suite.testcases.login.TrinitySignup"/>
  <system-out/>
</testsuite> <!-- com.TrinityTwo.suite.testcases.login.TrinitySignup -->
