<?xml version="1.0" encoding="UTF-8"?>
<!-- Generated by org.testng.reporters.JUnitReportReporter -->
<testsuite skipped="0" hostname="DESKTOP-VSJJ039" name="com.TrinityTwo.suite.loginAndSignup.TrinityTwoSignupValidation" tests="1" failures="0" timestamp="2021-01-27T17:32:52 IST" time="117.359" errors="0">
  <testcase name="trinityTwo_Signup_Validation" time="117.359" classname="com.TrinityTwo.suite.loginAndSignup.TrinityTwoSignupValidation"/>
  <system-out/>
</testsuite> <!-- com.TrinityTwo.suite.loginAndSignup.TrinityTwoSignupValidation -->
