<?xml version="1.0" encoding="UTF-8"?>
<!-- Generated by org.testng.reporters.JUnitReportReporter -->
<testsuite skipped="0" hostname="DESKTOP-VSJJ039" name="com.TrinityTwo.suite.loginAndSignup.TrinityTwoSignupValidateEmailNegative" tests="1" failures="0" timestamp="2021-01-18T17:57:29 IST" time="70.847" errors="0">
  <testcase name="trinityTwo_Signup_ValidateEmail_Negative" time="70.847" classname="com.TrinityTwo.suite.loginAndSignup.TrinityTwoSignupValidateEmailNegative"/>
  <system-out/>
</testsuite> <!-- com.TrinityTwo.suite.loginAndSignup.TrinityTwoSignupValidateEmailNegative -->
